# JRE version: Java(TM) SE Runtime Environment (8.0_73-b02) (build 1.8.0_73-b02)
# Java VM: Java HotSpot(TM) 64-Bit Server VM (25.73-b02 mixed mode linux-amd64 compressed oops)
Heap:
 PSYoungGen      total 116736K, used 11885K [0x00000000f5580000, 0x0000000100000000, 0x0000000100000000)
  eden space 58880K, 1% used [0x00000000f5580000,0x00000000f566b110,0x00000000f8f00000)
  from space 57856K, 18% used [0x00000000fc780000,0x00000000fd2304c8,0x0000000100000000)
  to   space 57856K, 0% used [0x00000000f8f00000,0x00000000f8f00000,0x00000000fc780000)
 ParOldGen       total 154624K, used 98344K [0x00000000e0000000, 0x00000000e9700000, 0x00000000f5580000)
  object space 154624K, 63% used [0x00000000e0000000,0x00000000e600a368,0x00000000e9700000)
 Metaspace       used 29982K, capacity 30520K, committed 30848K, reserved 1077248K
  class space    used 3774K, capacity 3914K, committed 3968K, reserved 1048576K
GC Heap History (10 events):
Event: 6.464 GC heap before
{Heap before GC invocations=8 (full 1):
 PSYoungGen      total 128512K, used 128480K [0x00000000f5580000, 0x0000000100000000, 0x0000000100000000)
  eden space 102400K, 100% used [0x00000000f5580000,0x00000000fb980000,0x00000000fb980000)
  from space 26112K, 99% used [0x00000000fdc80000,0x00000000ff5f8070,0x00000000ff600000)
  to   space 35840K, 0% used [0x00000000fb980000,0x00000000fb980000,0x00000000fdc80000)
 ParOldGen       total 67584K, used 28776K [0x00000000e0000000, 0x00000000e4200000, 0x00000000f5580000)
  object space 67584K, 42% used [0x00000000e0000000,0x00000000e1c1a170,0x00000000e4200000)
 Metaspace       used 25302K, capacity 25748K, committed 25984K, reserved 1071104K
  class space    used 3224K, capacity 3345K, committed 3456K, reserved 1048576K
Event: 6.550 GC heap after
Heap after GC invocations=8 (full 1):
 PSYoungGen      total 138240K, used 35824K [0x00000000f5580000, 0x0000000100000000, 0x0000000100000000)
  eden space 102400K, 0% used [0x00000000f5580000,0x00000000f5580000,0x00000000fb980000)
  from space 35840K, 99% used [0x00000000fb980000,0x00000000fdc7c110,0x00000000fdc80000)
  to   space 36352K, 0% used [0x00000000fdc80000,0x00000000fdc80000,0x0000000100000000)
 ParOldGen       total 67584K, used 44519K [0x00000000e0000000, 0x00000000e4200000, 0x00000000f5580000)
  object space 67584K, 65% used [0x00000000e0000000,0x00000000e2b79db0,0x00000000e4200000)
 Metaspace       used 25302K, capacity 25748K, committed 25984K, reserved 1071104K
  class space    used 3224K, capacity 3345K, committed 3456K, reserved 1048576K
}
Event: 7.166 GC heap before
{Heap before GC invocations=9 (full 1):
 PSYoungGen      total 138240K, used 138224K [0x00000000f5580000, 0x0000000100000000, 0x0000000100000000)
  eden space 102400K, 100% used [0x00000000f5580000,0x00000000fb980000,0x00000000fb980000)
  from space 35840K, 99% used [0x00000000fb980000,0x00000000fdc7c110,0x00000000fdc80000)
  to   space 36352K, 0% used [0x00000000fdc80000,0x00000000fdc80000,0x0000000100000000)
 ParOldGen       total 67584K, used 44519K [0x00000000e0000000, 0x00000000e4200000, 0x00000000f5580000)
  object space 67584K, 65% used [0x00000000e0000000,0x00000000e2b79db0,0x00000000e4200000)
 Metaspace       used 26304K, capacity 26752K, committed 27008K, reserved 1073152K
  class space    used 3323K, capacity 3443K, committed 3456K, reserved 1048576K
Event: 7.228 GC heap after
Heap after GC invocations=9 (full 1):
 PSYoungGen      total 95232K, used 36320K [0x00000000f5580000, 0x0000000100000000, 0x0000000100000000)
  eden space 58880K, 0% used [0x00000000f5580000,0x00000000f5580000,0x00000000f8f00000)
  from space 36352K, 99% used [0x00000000fdc80000,0x00000000ffff80f0,0x0000000100000000)
  to   space 57856K, 0% used [0x00000000f8f00000,0x00000000f8f00000,0x00000000fc780000)
 ParOldGen       total 74240K, used 74022K [0x00000000e0000000, 0x00000000e4880000, 0x00000000f5580000)
  object space 74240K, 99% used [0x00000000e0000000,0x00000000e4849848,0x00000000e4880000)
 Metaspace       used 26304K, capacity 26752K, committed 27008K, reserved 1073152K
  class space    used 3323K, capacity 3443K, committed 3456K, reserved 1048576K
}
Event: 7.229 GC heap before
{Heap before GC invocations=10 (full 2):
 PSYoungGen      total 95232K, used 36320K [0x00000000f5580000, 0x0000000100000000, 0x0000000100000000)
  eden space 58880K, 0% used [0x00000000f5580000,0x00000000f5580000,0x00000000f8f00000)
  from space 36352K, 99% used [0x00000000fdc80000,0x00000000ffff80f0,0x0000000100000000)
  to   space 57856K, 0% used [0x00000000f8f00000,0x00000000f8f00000,0x00000000fc780000)
 ParOldGen       total 74240K, used 74022K [0x00000000e0000000, 0x00000000e4880000, 0x00000000f5580000)
  object space 74240K, 99% used [0x00000000e0000000,0x00000000e4849848,0x00000000e4880000)
 Metaspace       used 26304K, capacity 26752K, committed 27008K, reserved 1073152K
  class space    used 3323K, capacity 3443K, committed 3456K, reserved 1048576K
Event: 7.542 GC heap after
Heap after GC invocations=10 (full 2):
 PSYoungGen      total 95232K, used 24413K [0x00000000f5580000, 0x0000000100000000, 0x0000000100000000)
  eden space 58880K, 0% used [0x00000000f5580000,0x00000000f5580000,0x00000000f8f00000)
  from space 36352K, 67% used [0x00000000fdc80000,0x00000000ff4577d0,0x0000000100000000)
  to   space 57856K, 0% used [0x00000000f8f00000,0x00000000f8f00000,0x00000000fc780000)
 ParOldGen       total 154624K, used 73776K [0x00000000e0000000, 0x00000000e9700000, 0x00000000f5580000)
  object space 154624K, 47% used [0x00000000e0000000,0x00000000e480c378,0x00000000e9700000)
 Metaspace       used 26304K, capacity 26752K, committed 27008K, reserved 1073152K
  class space    used 3323K, capacity 3443K, committed 3456K, reserved 1048576K
}
Event: 7.844 GC heap before
{Heap before GC invocations=11 (full 2):
 PSYoungGen      total 95232K, used 83293K [0x00000000f5580000, 0x0000000100000000, 0x0000000100000000)
  eden space 58880K, 100% used [0x00000000f5580000,0x00000000f8f00000,0x00000000f8f00000)
  from space 36352K, 67% used [0x00000000fdc80000,0x00000000ff4577d0,0x0000000100000000)
  to   space 57856K, 0% used [0x00000000f8f00000,0x00000000f8f00000,0x00000000fc780000)
 ParOldGen       total 154624K, used 73776K [0x00000000e0000000, 0x00000000e9700000, 0x00000000f5580000)
  object space 154624K, 47% used [0x00000000e0000000,0x00000000e480c378,0x00000000e9700000)
 Metaspace       used 26588K, capacity 27058K, committed 27392K, reserved 1073152K
  class space    used 3364K, capacity 3488K, committed 3584K, reserved 1048576K
Event: 7.900 GC heap after
Heap after GC invocations=11 (full 2):
 PSYoungGen      total 116736K, used 13360K [0x00000000f5580000, 0x0000000100000000, 0x0000000100000000)
  eden space 58880K, 0% used [0x00000000f5580000,0x00000000f5580000,0x00000000f8f00000)
  from space 57856K, 23% used [0x00000000f8f00000,0x00000000f9c0c0b0,0x00000000fc780000)
  to   space 57856K, 0% used [0x00000000fc780000,0x00000000fc780000,0x0000000100000000)
 ParOldGen       total 154624K, used 89249K [0x00000000e0000000, 0x00000000e9700000, 0x00000000f5580000)
  object space 154624K, 57% used [0x00000000e0000000,0x00000000e5728410,0x00000000e9700000)
 Metaspace       used 26588K, capacity 27058K, committed 27392K, reserved 1073152K
  class space    used 3364K, capacity 3488K, committed 3584K, reserved 1048576K
}
Event: 8.797 GC heap before
{Heap before GC invocations=12 (full 2):
 PSYoungGen      total 116736K, used 72240K [0x00000000f5580000, 0x0000000100000000, 0x0000000100000000)
  eden space 58880K, 100% used [0x00000000f5580000,0x00000000f8f00000,0x00000000f8f00000)
  from space 57856K, 23% used [0x00000000f8f00000,0x00000000f9c0c0b0,0x00000000fc780000)
  to   space 57856K, 0% used [0x00000000fc780000,0x00000000fc780000,0x0000000100000000)
 ParOldGen       total 154624K, used 89249K [0x00000000e0000000, 0x00000000e9700000, 0x00000000f5580000)
  object space 154624K, 57% used [0x00000000e0000000,0x00000000e5728410,0x00000000e9700000)
 Metaspace       used 29982K, capacity 30520K, committed 30848K, reserved 1077248K
  class space    used 3774K, capacity 3914K, committed 3968K, reserved 1048576K
Event: 8.847 GC heap after
Heap after GC invocations=12 (full 2):
 PSYoungGen      total 116736K, used 10945K [0x00000000f5580000, 0x0000000100000000, 0x0000000100000000)
  eden space 58880K, 0% used [0x00000000f5580000,0x00000000f5580000,0x00000000f8f00000)
  from space 57856K, 18% used [0x00000000fc780000,0x00000000fd2304c8,0x0000000100000000)
  to   space 57856K, 0% used [0x00000000f8f00000,0x00000000f8f00000,0x00000000fc780000)
 ParOldGen       total 154624K, used 98344K [0x00000000e0000000, 0x00000000e9700000, 0x00000000f5580000)
  object space 154624K, 63% used [0x00000000e0000000,0x00000000e600a368,0x00000000e9700000)
 Metaspace       used 29982K, capacity 30520K, committed 30848K, reserved 1077248K
  class space    used 3774K, capacity 3914K, committed 3968K, reserved 1048576K
}

